<?xml version="1.0" encoding="UTF-8"?>
<testsuite xmlns:xsi="http://www.w3.org/2001/XMLSchema-instance" xsi:noNamespaceSchemaLocation="https://maven.apache.org/surefire/maven-surefire-plugin/xsd/surefire-test-report.xsd" version="3.0.2" name="com.example.todolist.controller.TaskControllerTest" time="4.438" tests="7" errors="0" skipped="0" failures="0">
  <properties>
[...]
</properties>
  <testcase name="testGetAllTasks" classname="com.example.todolist.controller.TaskControllerTest" time="0.355">
    <system-out><![CDATA[14:52:50.227 [main] INFO org.springframework.test.context.support.AnnotationConfigContextLoaderUtils -- Could not detect default configuration classes for test class [com.example.todolist.controller.TaskControllerTest]: TaskControllerTest does not declare any static, non-private, non-final, nested classes annotated with @Configuration.
14:52:50.454 [main] INFO org.springframework.boot.test.context.SpringBootTestContextBootstrapper -- Found @SpringBootConfiguration com.example.todolist.TodolistApplication for test class com.example.todolist.controller.TaskControllerTest

  .   ____          _            __ _ _
 /\\ / ___'_ __ _ _(_)_ __  __ _ \ \ \ \
( ( )\___ | '_ | '_| | '_ \/ _` | \ \ \ \
 \\/  ___)| |_)| | | | | || (_| |  ) ) ) )
  '  |____| .__|_| |_|_| |_\__, | / / / /
 =========|_|==============|___/=/_/_/_/

 :: Spring Boot ::                (v3.5.5)

2026-09-03T14:52:51.019+09:00  INFO 13736 --- [todolist-api] [           main] c.e.t.controller.TaskControllerTest      : Starting TaskControllerTest using Java 25.0.3 with PID 13736 (started by sky21 in C:\Users\sky21\GitHub\todolist\backend)
2026-09-03T14:52:51.020+09:00 DEBUG 13736 --- [todolist-api] [           main] c.e.t.controller.TaskControllerTest      : Running with Spring Boot v3.5.5, Spring v6.2.10
2026-09-03T14:52:51.021+09:00  INFO 13736 --- [todolist-api] [           main] c.e.t.controller.TaskControllerTest      : No active profile set, falling back to 1 default profile: "default"
2026-09-03T14:52:53.799+09:00  INFO 13736 --- [todolist-api] [           main] o.s.b.t.m.w.SpringBootMockServletContext : Initializing Spring TestDispatcherServlet ''
2026-09-03T14:52:53.800+09:00  INFO 13736 --- [todolist-api] [           main] o.s.t.web.servlet.TestDispatcherServlet  : Initializing Servlet ''
2026-09-03T14:52:53.803+09:00  INFO 13736 --- [todolist-api] [           main] o.s.t.web.servlet.TestDispatcherServlet  : Completed initialization in 2 ms
2026-09-03T14:52:53.849+09:00  INFO 13736 --- [todolist-api] [           main] c.e.t.controller.TaskControllerTest      : Started TaskControllerTest in 3.302 seconds (process running for 4.789)
]]></system-out>
    <system-err><![CDATA[Mockito is currently self-attaching to enable the inline-mock-maker. This will no longer work in future releases of the JDK. Please add Mockito as an agent to your build as described in Mockito's documentation: https://javadoc.io/doc/org.mockito/mockito-core/latest/org.mockito/org/mockito/Mockito.html#0.3
WARNING: A Java agent has been loaded dynamically (C:\Users\sky21\.m2\repository\net\bytebuddy\byte-buddy-agent\1.17.7\byte-buddy-agent-1.17.7.jar)
WARNING: If a serviceability tool is in use, please run with -XX:+EnableDynamicAgentLoading to hide this warning
WARNING: If a serviceability tool is not in use, please run with -Djdk.instrument.traceUsage for more information
WARNING: Dynamic loading of agents will be disallowed by default in a future release
]]></system-err>
  </testcase>
  <testcase name="testGetCompletedTasks" classname="com.example.todolist.controller.TaskControllerTest" time="0.024"/>
  <testcase name="testUpdateTask" classname="com.example.todolist.controller.TaskControllerTest" time="0.166"/>
  <testcase name="testCreateTask_MissingTitle" classname="com.example.todolist.controller.TaskControllerTest" time="0.015">
    <system-out><![CDATA[2026-09-03T14:52:54.430+09:00  WARN 13736 --- [todolist-api] [           main] .w.s.m.s.DefaultHandlerExceptionResolver : Resolved [org.springframework.web.bind.MethodArgumentNotValidException: Validation failed for argument [0] in public org.springframework.http.ResponseEntity<com.example.todolist.dto.TaskResponse> com.example.todolist.controller.TaskController.createTask(com.example.todolist.dto.TaskRequest): [Field error in object 'taskRequest' on field 'title': rejected value []; codes [NotBlank.taskRequest.title,NotBlank.title,NotBlank.java.lang.String,NotBlank]; arguments [org.springframework.context.support.DefaultMessageSourceResolvable: codes [taskRequest.title,title]; arguments []; default message [title]]; default message [Title is required]] ]
]]></system-out>
  </testcase>
  <testcase name="testCreateTask" classname="com.example.todolist.controller.TaskControllerTest" time="0.01"/>
  <testcase name="testGetTaskById" classname="com.example.todolist.controller.TaskControllerTest" time="0.01"/>
  <testcase name="testDeleteTask" classname="com.example.todolist.controller.TaskControllerTest" time="0.009"/>
</testsuite>